SF:/Users/davefol/src/babushka/src/bounding_box.rs
FN:1,_RNvXININtCsidEspsnz67E_8babushka12bounding_boxs_0pEINtB5_11BoundingBoxpENtNtCs25QQnN8LMgH_4core3fmt5Debug3fmtB7_
FN:10,_RNvMNtCsidEspsnz67E_8babushka12bounding_boxINtB2_11BoundingBoxpE5widthB4_
FN:14,_RNvMNtCsidEspsnz67E_8babushka12bounding_boxINtB2_11BoundingBoxpE6heightB4_
FNDA:0,_RNvXININtCsidEspsnz67E_8babushka12bounding_boxs_0pEINtB5_11BoundingBoxpENtNtCs25QQnN8LMgH_4core3fmt5Debug3fmtB7_
FNDA:0,_RNvMNtCsidEspsnz67E_8babushka12bounding_boxINtB2_11BoundingBoxpE5widthB4_
FNDA:0,_RNvMNtCsidEspsnz67E_8babushka12bounding_boxINtB2_11BoundingBoxpE6heightB4_
FNF:3
FNH:0
DA:1,0
DA:10,0
DA:11,0
DA:12,0
DA:14,0
DA:15,0
DA:16,0
BRF:0
BRH:0
LF:7
LH:0
end_of_record
SF:/Users/davefol/src/babushka/src/kernelf64/point2d.rs
FN:30,_RNvXNtNtCsidEspsnz67E_8babushka9kernelf647point2dNtB2_7Point2DNtNtB6_5point7Point2D5set_y
FN:5,_RNvXs9_NtNtCsidEspsnz67E_8babushka9kernelf647point2dNtB5_7Point2DNtNtCs25QQnN8LMgH_4core3cmp9PartialEq2eqB9_
FN:14,_RNvXNtNtCsidEspsnz67E_8babushka9kernelf647point2dNtB2_7Point2DNtNtB6_5point7Point2D1x
FN:36,_RNvXs_NtNtCsidEspsnz67E_8babushka9kernelf647point2dNtB4_7Point2DINtNtCs25QQnN8LMgH_4core7convert4FromTddEE4from
FN:56,_RNvXs1_NtNtCsidEspsnz67E_8babushka9kernelf647point2dNtB5_7Point2DNtNtNtCs25QQnN8LMgH_4core3ops5arith3Sub3sub
FN:79,_RNvXs3_NtNtCsidEspsnz67E_8babushka9kernelf647point2dNtB5_7Point2DNtNtCsfERywlk3p84_10num_traits10identities4Zero7is_zero
FN:22,_RNvXNtNtCsidEspsnz67E_8babushka9kernelf647point2dNtB2_7Point2DNtNtB6_5point7Point2D7from_xy
FN:90,_RNvXs4_NtNtCsidEspsnz67E_8babushka9kernelf647point2dNtB5_7Point2DNtNtCs1YXaJs4kMWT_6approx11abs_diff_eq9AbsDiffEq15default_epsilon
FN:5,_RNvXs7_NtNtCsidEspsnz67E_8babushka9kernelf647point2dNtB5_7Point2DNtNtCs25QQnN8LMgH_4core3fmt5Debug3fmtB9_
FN:46,_RNvXs0_NtNtCsidEspsnz67E_8babushka9kernelf647point2dNtB5_7Point2DNtNtNtCs25QQnN8LMgH_4core3ops5arith3Add3add
FN:66,_RNvXs2_NtNtCsidEspsnz67E_8babushka9kernelf647point2dNtB5_7Point2DNtNtNtCs25QQnN8LMgH_4core3ops5arith3Neg3neg
FN:86,_RNvXs4_NtNtCsidEspsnz67E_8babushka9kernelf647point2dNtB5_7Point2DNtNtCs1YXaJs4kMWT_6approx11abs_diff_eq9AbsDiffEq11abs_diff_eq
FN:75,_RNvXs3_NtNtCsidEspsnz67E_8babushka9kernelf647point2dNtB5_7Point2DNtNtCsfERywlk3p84_10num_traits10identities4Zero4zero
FN:18,_RNvXNtNtCsidEspsnz67E_8babushka9kernelf647point2dNtB2_7Point2DNtNtB6_5point7Point2D1y
FN:26,_RNvXNtNtCsidEspsnz67E_8babushka9kernelf647point2dNtB2_7Point2DNtNtB6_5point7Point2D5set_x
FN:5,_RNvXs5_NtNtCsidEspsnz67E_8babushka9kernelf647point2dNtB5_7Point2DNtNtCs25QQnN8LMgH_4core5clone5Clone5cloneB9_
FNDA:129,_RNvXNtNtCsidEspsnz67E_8babushka9kernelf647point2dNtB2_7Point2DNtNtB6_5point7Point2D5set_y
FNDA:36,_RNvXs9_NtNtCsidEspsnz67E_8babushka9kernelf647point2dNtB5_7Point2DNtNtCs25QQnN8LMgH_4core3cmp9PartialEq2eqB9_
FNDA:32639,_RNvXNtNtCsidEspsnz67E_8babushka9kernelf647point2dNtB2_7Point2DNtNtB6_5point7Point2D1x
FNDA:74,_RNvXs_NtNtCsidEspsnz67E_8babushka9kernelf647point2dNtB4_7Point2DINtNtCs25QQnN8LMgH_4core7convert4FromTddEE4from
FNDA:57,_RNvXs1_NtNtCsidEspsnz67E_8babushka9kernelf647point2dNtB5_7Point2DNtNtNtCs25QQnN8LMgH_4core3ops5arith3Sub3sub
FNDA:54,_RNvXs3_NtNtCsidEspsnz67E_8babushka9kernelf647point2dNtB5_7Point2DNtNtCsfERywlk3p84_10num_traits10identities4Zero7is_zero
FNDA:1247,_RNvXNtNtCsidEspsnz67E_8babushka9kernelf647point2dNtB2_7Point2DNtNtB6_5point7Point2D7from_xy
FNDA:2002,_RNvXs4_NtNtCsidEspsnz67E_8babushka9kernelf647point2dNtB5_7Point2DNtNtCs1YXaJs4kMWT_6approx11abs_diff_eq9AbsDiffEq15default_epsilon
FNDA:0,_RNvXs7_NtNtCsidEspsnz67E_8babushka9kernelf647point2dNtB5_7Point2DNtNtCs25QQnN8LMgH_4core3fmt5Debug3fmtB9_
FNDA:4193,_RNvXs0_NtNtCsidEspsnz67E_8babushka9kernelf647point2dNtB5_7Point2DNtNtNtCs25QQnN8LMgH_4core3ops5arith3Add3add
FNDA:858,_RNvXs2_NtNtCsidEspsnz67E_8babushka9kernelf647point2dNtB5_7Point2DNtNtNtCs25QQnN8LMgH_4core3ops5arith3Neg3neg
FNDA:2002,_RNvXs4_NtNtCsidEspsnz67E_8babushka9kernelf647point2dNtB5_7Point2DNtNtCs1YXaJs4kMWT_6approx11abs_diff_eq9AbsDiffEq11abs_diff_eq
FNDA:2,_RNvXs3_NtNtCsidEspsnz67E_8babushka9kernelf647point2dNtB5_7Point2DNtNtCsfERywlk3p84_10num_traits10identities4Zero4zero
FNDA:29047,_RNvXNtNtCsidEspsnz67E_8babushka9kernelf647point2dNtB2_7Point2DNtNtB6_5point7Point2D1y
FNDA:129,_RNvXNtNtCsidEspsnz67E_8babushka9kernelf647point2dNtB2_7Point2DNtNtB6_5point7Point2D5set_x
FNDA:2224,_RNvXs5_NtNtCsidEspsnz67E_8babushka9kernelf647point2dNtB5_7Point2DNtNtCs25QQnN8LMgH_4core5clone5Clone5cloneB9_
FNF:16
FNH:15
DA:5,2224
DA:14,32639
DA:15,32639
DA:16,32639
DA:18,29047
DA:19,29047
DA:20,29047
DA:22,1247
DA:23,1247
DA:24,1247
DA:26,129
DA:27,129
DA:28,129
DA:30,129
DA:31,129
DA:32,129
DA:36,74
DA:37,74
DA:38,74
DA:39,74
DA:40,74
DA:41,74
DA:46,4193
DA:47,4193
DA:48,4193
DA:49,4193
DA:50,4193
DA:51,4193
DA:56,57
DA:57,57
DA:58,57
DA:59,57
DA:60,57
DA:61,57
DA:66,858
DA:67,858
DA:68,858
DA:69,858
DA:70,858
DA:71,858
DA:75,2
DA:76,2
DA:77,2
DA:79,54
DA:80,54
DA:81,54
DA:86,2002
DA:87,2002
DA:88,2002
DA:90,2002
DA:91,2002
DA:92,2002
BRF:0
BRH:0
LF:54
LH:53
end_of_record
SF:/Users/davefol/src/babushka/src/kernelf64/polygon.rs
FN:26,_RNvXs_NtNtCsidEspsnz67E_8babushka9kernelf647polygonNtB4_7PolygonINtNtCs25QQnN8LMgH_4core7convert4FromINtNtCs4NnepYwyJgR_5alloc3vec3VecNtNtB6_7point2d7Point2DEE4fromB8_
FN:49,_RNCNvXs0_NtNtCsidEspsnz67E_8babushka9kernelf647polygonNtB7_7PolygonNtNtBb_7polygon7Polygon19iter_segments_local0Bb_
FN:10,_RNvMNtNtCsidEspsnz67E_8babushka9kernelf647polygonNtB2_7Polygon23iter_mut_vertices_local
FN:3,_RNvXs3_NtNtCsidEspsnz67E_8babushka9kernelf647polygonNtB5_7PolygonNtNtCs25QQnN8LMgH_4core3fmt5Debug3fmtB9_
FN:44,_RNvXs0_NtNtCsidEspsnz67E_8babushka9kernelf647polygonNtB5_7PolygonNtNtB9_7polygon7Polygon19iter_segments_local
FN:63,_RNvXs0_NtNtCsidEspsnz67E_8babushka9kernelf647polygonNtB5_7PolygonNtNtB9_7polygon7Polygon6length
FN:69,_RNvXs1_NtNtCsidEspsnz67E_8babushka9kernelf647polygonNtB5_7PolygonNtNtB9_14no_fit_polygon19ComputeNoFitPolygon10get_vertex
FN:3,_RNvXs2_NtNtCsidEspsnz67E_8babushka9kernelf647polygonNtB5_7PolygonNtNtCs25QQnN8LMgH_4core5clone5Clone5cloneB9_
FN:55,_RNvXs0_NtNtCsidEspsnz67E_8babushka9kernelf647polygonNtB5_7PolygonNtNtB9_7polygon7Polygon6offset
FN:38,_RNvXs0_NtNtCsidEspsnz67E_8babushka9kernelf647polygonNtB5_7PolygonNtNtB9_7polygon7Polygon19iter_vertices_local
FN:59,_RNvXs0_NtNtCsidEspsnz67E_8babushka9kernelf647polygonNtB5_7PolygonNtNtB9_7polygon7Polygon10set_offset
FNDA:20,_RNvXs_NtNtCsidEspsnz67E_8babushka9kernelf647polygonNtB4_7PolygonINtNtCs25QQnN8LMgH_4core7convert4FromINtNtCs4NnepYwyJgR_5alloc3vec3VecNtNtB6_7point2d7Point2DEE4fromB8_
FNDA:2028,_RNCNvXs0_NtNtCsidEspsnz67E_8babushka9kernelf647polygonNtB7_7PolygonNtNtBb_7polygon7Polygon19iter_segments_local0Bb_
FNDA:0,_RNvMNtNtCsidEspsnz67E_8babushka9kernelf647polygonNtB2_7Polygon23iter_mut_vertices_local
FNDA:0,_RNvXs3_NtNtCsidEspsnz67E_8babushka9kernelf647polygonNtB5_7PolygonNtNtCs25QQnN8LMgH_4core3fmt5Debug3fmtB9_
FNDA:201,_RNvXs0_NtNtCsidEspsnz67E_8babushka9kernelf647polygonNtB5_7PolygonNtNtB9_7polygon7Polygon19iter_segments_local
FNDA:546,_RNvXs0_NtNtCsidEspsnz67E_8babushka9kernelf647polygonNtB5_7PolygonNtNtB9_7polygon7Polygon6length
FNDA:109,_RNvXs1_NtNtCsidEspsnz67E_8babushka9kernelf647polygonNtB5_7PolygonNtNtB9_14no_fit_polygon19ComputeNoFitPolygon10get_vertex
FNDA:5,_RNvXs2_NtNtCsidEspsnz67E_8babushka9kernelf647polygonNtB5_7PolygonNtNtCs25QQnN8LMgH_4core5clone5Clone5cloneB9_
FNDA:2083,_RNvXs0_NtNtCsidEspsnz67E_8babushka9kernelf647polygonNtB5_7PolygonNtNtB9_7polygon7Polygon6offset
FNDA:21,_RNvXs0_NtNtCsidEspsnz67E_8babushka9kernelf647polygonNtB5_7PolygonNtNtB9_7polygon7Polygon19iter_vertices_local
FNDA:22,_RNvXs0_NtNtCsidEspsnz67E_8babushka9kernelf647polygonNtB5_7PolygonNtNtB9_7polygon7Polygon10set_offset
FNF:11
FNH:9
DA:3,5
DA:10,0
DA:11,0
DA:12,0
DA:13,0
DA:14,0
DA:26,20
DA:27,20
DA:28,20
DA:29,20
DA:30,20
DA:31,20
DA:38,21
DA:39,21
DA:40,21
DA:41,21
DA:42,21
DA:44,201
DA:45,201
DA:46,201
DA:47,201
DA:48,201
DA:49,2028
DA:50,2028
DA:51,2028
DA:52,2028
DA:53,201
DA:55,2083
DA:56,2083
DA:57,2083
DA:59,22
DA:60,22
DA:61,22
DA:63,546
DA:64,546
DA:65,546
DA:69,109
DA:70,109
DA:71,109
BRF:0
BRH:0
LF:42
LH:36
end_of_record
SF:/Users/davefol/src/babushka/src/kernelf64/segment.rs
FN:4,_RNvXs0_NtNtCsidEspsnz67E_8babushka9kernelf647segmentNtB5_7SegmentNtNtCs25QQnN8LMgH_4core5clone5Clone5cloneB9_
FN:11,_RNvXNtNtCsidEspsnz67E_8babushka9kernelf647segmentNtB2_7SegmentNtNtB6_7segment7Segment5start
FN:14,_RNvXNtNtCsidEspsnz67E_8babushka9kernelf647segmentNtB2_7SegmentNtNtB6_7segment7Segment3end
FN:21,_RNvXs_NtNtCsidEspsnz67E_8babushka9kernelf647segmentNtB4_7SegmentINtNtNtCs25QQnN8LMgH_4core3ops5arith3AddNtNtB6_7point2d7Point2DE3add
FNDA:854,_RNvXs0_NtNtCsidEspsnz67E_8babushka9kernelf647segmentNtB5_7SegmentNtNtCs25QQnN8LMgH_4core5clone5Clone5cloneB9_
FNDA:6561,_RNvXNtNtCsidEspsnz67E_8babushka9kernelf647segmentNtB2_7SegmentNtNtB6_7segment7Segment5start
FNDA:5722,_RNvXNtNtCsidEspsnz67E_8babushka9kernelf647segmentNtB2_7SegmentNtNtB6_7segment7Segment3end
FNDA:2017,_RNvXs_NtNtCsidEspsnz67E_8babushka9kernelf647segmentNtB4_7SegmentINtNtNtCs25QQnN8LMgH_4core3ops5arith3AddNtNtB6_7point2d7Point2DE3add
FNF:4
FNH:4
DA:4,854
DA:11,6561
DA:12,6561
DA:13,6561
DA:14,5722
DA:15,5722
DA:16,5722
DA:21,2017
DA:22,2017
DA:23,2017
DA:24,2017
DA:25,2017
DA:26,2017
BRF:0
BRH:0
LF:13
LH:13
end_of_record
SF:/Users/davefol/src/babushka/src/no_fit_polygon.rs
FN:506,_RNCNvNtNtCsidEspsnz67E_8babushka14no_fit_polygon5tests46test_no_fit_polygon_one_convex_no_holes_inside0B7_
FN:469,_RNCNvNtNtCsidEspsnz67E_8babushka14no_fit_polygon5tests47test_no_fit_polygon_one_convex_no_holes_outside0B7_
FN:349,_RNvYNtNtNtCsidEspsnz67E_8babushka9kernelf647polygon7PolygonNtNtB8_14no_fit_polygon19ComputeNoFitPolygon18search_start_pointB8_
FN:444,_RNvYNtNtNtCsidEspsnz67E_8babushka9kernelf647polygon7PolygonNtNtB8_14no_fit_polygon19ComputeNoFitPolygon6in_nfpB8_
FN:39,_RNvYNtNtNtCsidEspsnz67E_8babushka9kernelf647polygon7PolygonNtNtB8_14no_fit_polygon19ComputeNoFitPolygon14no_fit_polygonB8_
FN:61,_RNCNvYNtNtNtCsidEspsnz67E_8babushka9kernelf647polygon7PolygonNtNtBa_14no_fit_polygon19ComputeNoFitPolygon14no_fit_polygons_0Ba_
FN:55,_RNCNvYNtNtNtCsidEspsnz67E_8babushka9kernelf647polygon7PolygonNtNtBa_14no_fit_polygon19ComputeNoFitPolygon14no_fit_polygon0Ba_
FN:290,_RNCNvYNtNtNtCsidEspsnz67E_8babushka9kernelf647polygon7PolygonNtNtBa_14no_fit_polygon19ComputeNoFitPolygon14no_fit_polygons0_0Ba_
FN:8,_RNvXNtCsidEspsnz67E_8babushka14no_fit_polygonNtB2_12TouchingTypeNtNtCs25QQnN8LMgH_4core3fmt5Debug3fmtB4_
FN:28,_RNvXININtCsidEspsnz67E_8babushka14no_fit_polygons3_0pEINtB5_6VectorpENtNtCs25QQnN8LMgH_4core5clone5Clone5cloneB7_
FN:28,_RNvXININtCsidEspsnz67E_8babushka14no_fit_polygons5_0pEINtB5_6VectorpENtNtCs25QQnN8LMgH_4core3fmt5Debug3fmtB7_
FN:15,_RNvXs_NtCsidEspsnz67E_8babushka14no_fit_polygonNtB4_8TouchingNtNtCs25QQnN8LMgH_4core3fmt5Debug3fmtB6_
FN:22,_RNvXs0_NtCsidEspsnz67E_8babushka14no_fit_polygonNtB5_13PolygonSourceNtNtCs25QQnN8LMgH_4core5clone5Clone5cloneB7_
FN:22,_RNvXs2_NtCsidEspsnz67E_8babushka14no_fit_polygonNtB5_13PolygonSourceNtNtCs25QQnN8LMgH_4core3fmt5Debug3fmtB7_
FN:507,_RNvNtNtCsidEspsnz67E_8babushka14no_fit_polygon5testss_46test_no_fit_polygon_one_convex_no_holes_inside
FN:470,_RNvNtNtCsidEspsnz67E_8babushka14no_fit_polygon5testss_47test_no_fit_polygon_one_convex_no_holes_outside
FNDA:1,_RNCNvNtNtCsidEspsnz67E_8babushka14no_fit_polygon5tests46test_no_fit_polygon_one_convex_no_holes_inside0B7_
FNDA:1,_RNCNvNtNtCsidEspsnz67E_8babushka14no_fit_polygon5tests47test_no_fit_polygon_one_convex_no_holes_outside0B7_
FNDA:1,_RNvYNtNtNtCsidEspsnz67E_8babushka9kernelf647polygon7PolygonNtNtB8_14no_fit_polygon19ComputeNoFitPolygon18search_start_pointB8_
FNDA:1,_RNvYNtNtNtCsidEspsnz67E_8babushka9kernelf647polygon7PolygonNtNtB8_14no_fit_polygon19ComputeNoFitPolygon6in_nfpB8_
FNDA:2,_RNvYNtNtNtCsidEspsnz67E_8babushka9kernelf647polygon7PolygonNtNtB8_14no_fit_polygon19ComputeNoFitPolygon14no_fit_polygonB8_
FNDA:4,_RNCNvYNtNtNtCsidEspsnz67E_8babushka9kernelf647polygon7PolygonNtNtBa_14no_fit_polygon19ComputeNoFitPolygon14no_fit_polygons_0Ba_
FNDA:10,_RNCNvYNtNtNtCsidEspsnz67E_8babushka9kernelf647polygon7PolygonNtNtBa_14no_fit_polygon19ComputeNoFitPolygon14no_fit_polygon0Ba_
FNDA:3,_RNCNvYNtNtNtCsidEspsnz67E_8babushka9kernelf647polygon7PolygonNtNtBa_14no_fit_polygon19ComputeNoFitPolygon14no_fit_polygons0_0Ba_
FNDA:0,_RNvXNtCsidEspsnz67E_8babushka14no_fit_polygonNtB2_12TouchingTypeNtNtCs25QQnN8LMgH_4core3fmt5Debug3fmtB4_
FNDA:0,_RNvXININtCsidEspsnz67E_8babushka14no_fit_polygons3_0pEINtB5_6VectorpENtNtCs25QQnN8LMgH_4core5clone5Clone5cloneB7_
FNDA:0,_RNvXININtCsidEspsnz67E_8babushka14no_fit_polygons5_0pEINtB5_6VectorpENtNtCs25QQnN8LMgH_4core3fmt5Debug3fmtB7_
FNDA:0,_RNvXs_NtCsidEspsnz67E_8babushka14no_fit_polygonNtB4_8TouchingNtNtCs25QQnN8LMgH_4core3fmt5Debug3fmtB6_
FNDA:0,_RNvXs0_NtCsidEspsnz67E_8babushka14no_fit_polygonNtB5_13PolygonSourceNtNtCs25QQnN8LMgH_4core5clone5Clone5cloneB7_
FNDA:0,_RNvXs2_NtCsidEspsnz67E_8babushka14no_fit_polygonNtB5_13PolygonSourceNtNtCs25QQnN8LMgH_4core3fmt5Debug3fmtB7_
FNDA:1,_RNvNtNtCsidEspsnz67E_8babushka14no_fit_polygon5testss_46test_no_fit_polygon_one_convex_no_holes_inside
FNDA:1,_RNvNtNtCsidEspsnz67E_8babushka14no_fit_polygon5testss_47test_no_fit_polygon_one_convex_no_holes_outside
FNF:16
FNH:10
DA:8,0
DA:15,0
DA:22,0
DA:28,0
DA:39,2
DA:40,2
DA:41,2
DA:42,2
DA:43,2
DA:44,2
DA:45,2
DA:46,2
DA:47,2
DA:48,2
DA:49,2
DA:50,2
DA:51,2
DA:52,2
DA:53,2
DA:54,2
DA:55,10
DA:56,2
DA:57,2
DA:58,2
DA:59,2
DA:60,2
DA:61,4
DA:62,2
DA:63,2
DA:65,2
DA:66,1
DA:68,1
DA:71,2
DA:73,2
DA:74,2
DA:75,2
DA:76,2
DA:77,2
DA:78,2
DA:79,2
DA:80,2
DA:81,2
DA:82,2
DA:83,2
DA:86,12
DA:87,12
DA:92,216
DA:93,12
DA:94,12
DA:95,12
DA:97,216
DA:98,36
DA:100,180
DA:102,216
DA:103,72
DA:105,144
DA:108,216
DA:109,10
DA:110,10
DA:111,10
DA:112,10
DA:113,10
DA:114,206
DA:115,6
DA:116,6
DA:117,6
DA:118,6
DA:119,6
DA:120,200
DA:121,1
DA:122,1
DA:123,1
DA:124,1
DA:125,1
DA:126,199
DA:130,12
DA:131,29
DA:132,17
DA:133,17
DA:136,17
DA:137,4
DA:139,13
DA:141,17
DA:142,2
DA:144,15
DA:147,17
DA:148,17
DA:149,17
DA:150,17
DA:151,17
DA:152,17
DA:153,6
DA:155,11
DA:157,17
DA:158,7
DA:160,10
DA:162,17
DA:163,17
DA:164,17
DA:165,17
DA:166,10
DA:167,10
DA:168,10
DA:169,10
DA:170,10
DA:171,10
DA:172,10
DA:173,10
DA:174,10
DA:175,10
DA:176,10
DA:177,10
DA:178,10
DA:179,10
DA:180,10
DA:181,10
DA:182,10
DA:183,10
DA:184,10
DA:185,10
DA:186,10
DA:187,10
DA:188,10
DA:189,10
DA:190,10
DA:191,10
DA:192,10
DA:193,10
DA:194,10
DA:195,6
DA:196,6
DA:197,6
DA:198,6
DA:199,6
DA:200,6
DA:201,6
DA:202,6
DA:203,6
DA:204,6
DA:205,6
DA:206,6
DA:207,6
DA:208,6
DA:209,1
DA:210,1
DA:211,1
DA:212,1
DA:213,1
DA:214,1
DA:215,1
DA:216,1
DA:217,1
DA:218,1
DA:219,1
DA:220,1
DA:221,1
DA:222,1
DA:225,12
DA:226,12
DA:228,66
DA:229,54
DA:230,0
DA:231,54
DA:235,54
DA:236,46
DA:238,25
DA:239,25
DA:240,25
DA:241,25
DA:242,25
DA:243,25
DA:245,11
DA:246,14
DA:247,21
DA:248,8
DA:251,43
DA:252,43
DA:253,43
DA:254,43
DA:255,10
DA:256,33
DA:258,43
DA:259,43
DA:260,12
DA:261,12
DA:262,31
DA:263,0
DA:266,12
DA:268,0
DA:269,0
DA:270,12
DA:271,12
DA:272,12
DA:273,8
DA:274,8
DA:275,8
DA:276,8
DA:277,4
DA:278,4
DA:279,4
DA:280,4
DA:282,0
DA:283,12
DA:284,12
DA:285,12
DA:286,12
DA:287,12
DA:288,3
DA:289,3
DA:290,3
DA:291,3
DA:292,3
DA:293,3
DA:294,3
DA:295,9
DA:297,12
DA:298,12
DA:299,12
DA:300,12
DA:301,12
DA:302,2
DA:303,10
DA:304,10
DA:305,10
DA:306,10
DA:307,10
DA:309,10
DA:310,10
DA:311,29
DA:312,29
DA:313,0
DA:314,29
DA:316,0
DA:317,0
DA:319,10
DA:320,0
DA:321,10
DA:323,10
DA:324,10
DA:325,10
DA:327,10
DA:328,10
DA:329,10
DA:332,2
DA:333,2
DA:334,2
DA:335,2
DA:336,0
DA:338,2
DA:339,2
DA:340,0
DA:341,0
DA:342,0
DA:343,0
DA:346,2
DA:347,2
DA:349,1
DA:350,1
DA:351,1
DA:352,1
DA:353,1
DA:354,1
DA:355,1
DA:356,1
DA:357,1
DA:358,1
DA:362,1
DA:363,1
DA:364,1
DA:366,1
DA:367,1
DA:368,1
DA:369,1
DA:371,2
DA:372,2
DA:373,1
DA:374,1
DA:375,1
DA:379,1
DA:380,0
DA:383,1
DA:384,1
DA:385,1
DA:386,0
DA:388,0
DA:389,1
DA:390,1
DA:391,1
DA:392,1
DA:393,1
DA:394,1
DA:396,1
DA:397,0
DA:398,1
DA:399,0
DA:400,1
DA:401,0
DA:403,1
DA:407,1
DA:408,0
DA:410,1
DA:411,0
DA:412,1
DA:413,1
DA:414,1
DA:415,1
DA:416,1
DA:417,1
DA:418,1
DA:419,1
DA:421,1
DA:424,2
DA:425,2
DA:426,1
DA:427,1
DA:428,1
DA:430,1
DA:431,1
DA:432,1
DA:433,1
DA:435,1
DA:436,0
DA:438,0
DA:441,0
DA:442,1
DA:444,1
DA:445,1
DA:446,1
DA:447,1
DA:448,1
DA:449,1
DA:452,0
DA:453,0
DA:454,0
DA:456,0
DA:457,0
DA:458,0
DA:459,0
DA:460,0
DA:464,0
DA:465,1
DA:469,1
DA:470,1
DA:471,1
DA:472,1
DA:473,1
DA:474,1
DA:475,1
DA:476,1
DA:477,1
DA:478,1
DA:479,1
DA:480,1
DA:481,1
DA:482,1
DA:483,1
DA:484,1
DA:485,1
DA:486,1
DA:487,1
DA:488,1
DA:489,1
DA:490,1
DA:491,1
DA:492,1
DA:493,1
DA:494,1
DA:495,1
DA:496,1
DA:497,1
DA:498,1
DA:499,1
DA:500,1
DA:501,1
DA:502,1
DA:503,1
DA:504,1
DA:506,1
DA:507,1
DA:508,1
DA:509,1
DA:510,1
DA:511,1
DA:512,1
DA:513,1
DA:514,1
DA:515,1
DA:516,1
DA:517,1
DA:518,1
DA:519,1
DA:520,1
DA:521,1
DA:522,1
DA:523,1
DA:524,1
DA:525,1
DA:526,1
DA:527,1
DA:528,1
DA:529,1
DA:530,1
DA:531,1
DA:532,1
DA:533,1
DA:534,1
DA:535,1
DA:536,1
BRF:0
BRH:0
LF:414
LH:374
end_of_record
SF:/Users/davefol/src/babushka/src/parsers/terashima.rs
FN:83,_RNCINvNtNtCsidEspsnz67E_8babushka7parsers9terashima15parse_terashimaNtNtNtB8_9kernelf647polygon7PolygonNtNtCslHLefFcWfHx_3std2fs4FileEs_0B8_
FN:60,_RNCINvNtNtCsidEspsnz67E_8babushka7parsers9terashima15parse_terashimaNtNtNtB8_9kernelf647polygon7PolygonNtNtCslHLefFcWfHx_3std2fs4FileE0B8_
FN:92,_RNCINvNtNtCsidEspsnz67E_8babushka7parsers9terashima15parse_terashimaNtNtNtB8_9kernelf647polygon7PolygonNtNtCslHLefFcWfHx_3std2fs4FileEs0_0B8_
FN:33,_RINvNtNtCsidEspsnz67E_8babushka7parsers9terashima15parse_terashimaNtNtNtB6_9kernelf647polygon7PolygonNtNtCslHLefFcWfHx_3std2fs4FileEB6_
FN:109,_RNvNtNtNtCsidEspsnz67E_8babushka7parsers9terashima5testss_20test_parse_terashima
FN:27,_RNvXININtNtCsidEspsnz67E_8babushka7parsers9terashima0pEINtB5_17TerashimaInstancepENtNtCs25QQnN8LMgH_4core3fmt5Debug3fmtB9_
FN:108,_RNCNvNtNtNtCsidEspsnz67E_8babushka7parsers9terashima5tests20test_parse_terashima0B9_
FNDA:140,_RNCINvNtNtCsidEspsnz67E_8babushka7parsers9terashima15parse_terashimaNtNtNtB8_9kernelf647polygon7PolygonNtNtCslHLefFcWfHx_3std2fs4FileEs_0B8_
FNDA:2,_RNCINvNtNtCsidEspsnz67E_8babushka7parsers9terashima15parse_terashimaNtNtNtB8_9kernelf647polygon7PolygonNtNtCslHLefFcWfHx_3std2fs4FileE0B8_
FNDA:70,_RNCINvNtNtCsidEspsnz67E_8babushka7parsers9terashima15parse_terashimaNtNtNtB8_9kernelf647polygon7PolygonNtNtCslHLefFcWfHx_3std2fs4FileEs0_0B8_
FNDA:1,_RINvNtNtCsidEspsnz67E_8babushka7parsers9terashima15parse_terashimaNtNtNtB6_9kernelf647polygon7PolygonNtNtCslHLefFcWfHx_3std2fs4FileEB6_
FNDA:1,_RNvNtNtNtCsidEspsnz67E_8babushka7parsers9terashima5testss_20test_parse_terashima
FNDA:0,_RNvXININtNtCsidEspsnz67E_8babushka7parsers9terashima0pEINtB5_17TerashimaInstancepENtNtCs25QQnN8LMgH_4core3fmt5Debug3fmtB9_
FNDA:1,_RNCNvNtNtNtCsidEspsnz67E_8babushka7parsers9terashima5tests20test_parse_terashima0B9_
FNF:7
FNH:6
DA:27,0
DA:33,1
DA:34,1
DA:35,1
DA:36,1
DA:37,1
DA:38,1
DA:39,1
DA:40,1
DA:41,1
DA:42,1
DA:43,1
DA:44,1
DA:45,1
DA:48,1
DA:49,1
DA:50,1
DA:51,1
DA:52,1
DA:55,1
DA:56,1
DA:57,1
DA:58,1
DA:59,1
DA:60,2
DA:61,1
DA:63,1
DA:64,0
DA:65,1
DA:66,1
DA:67,1
DA:68,1
DA:69,1
DA:70,1
DA:71,1
DA:72,1
DA:73,1
DA:74,1
DA:75,1
DA:76,1
DA:77,1
DA:78,15
DA:79,15
DA:80,15
DA:81,15
DA:82,15
DA:83,140
DA:84,15
DA:86,15
DA:87,0
DA:88,15
DA:89,15
DA:90,15
DA:91,15
DA:92,70
DA:93,15
DA:94,15
DA:95,15
DA:98,1
DA:99,1
DA:108,1
DA:109,1
DA:110,1
DA:111,1
DA:112,1
DA:113,1
DA:114,1
DA:115,1
DA:116,1
BRF:0
BRH:0
LF:72
LH:69
end_of_record
SF:/Users/davefol/src/babushka/src/point.rs
FN:217,_RNCNvNtNtCsidEspsnz67E_8babushka5point5tests20test_within_distance0B7_
FN:232,_RNCNvNtNtCsidEspsnz67E_8babushka5point5tests15test_normalized0B7_
FN:254,_RNCNvNtNtCsidEspsnz67E_8babushka5point5tests15test_on_segment0B7_
FN:357,_RNCNvNtNtCsidEspsnz67E_8babushka5point5tests30test_point_distance_to_segment0B7_
FN:294,_RNCNvNtNtCsidEspsnz67E_8babushka5point5tests21test_point_in_polygon0B7_
FN:134,_RINvYNtNtNtCsidEspsnz67E_8babushka9kernelf647point2d7Point2DNtNtB9_5point7Point2D10in_polygonNtNtB7_7polygon7PolygonEB9_
FN:173,_RINvYNtNtNtCsidEspsnz67E_8babushka9kernelf647point2d7Point2DNtNtB9_5point7Point2D19distance_to_segmentNtNtB7_7segment7SegmentEB9_
FN:28,_RNvYNtNtNtCsidEspsnz67E_8babushka9kernelf647point2d7Point2DNtNtB8_5point7Point2D7epsilonB8_
FN:32,_RNvYNtNtNtCsidEspsnz67E_8babushka9kernelf647point2d7Point2DNtNtB8_5point7Point2D3dotB8_
FN:37,_RNvYNtNtNtCsidEspsnz67E_8babushka9kernelf647point2d7Point2DNtNtB8_5point7Point2D15within_distanceB8_
FN:67,_RINvYNtNtNtCsidEspsnz67E_8babushka9kernelf647point2d7Point2DNtNtB9_5point7Point2D10on_segmentNtNtB7_7segment7SegmentEB9_
FN:44,_RNvYNtNtNtCsidEspsnz67E_8babushka9kernelf647point2d7Point2DNtNtB8_5point7Point2D10normalizedB8_
FN:295,_RNvNtNtCsidEspsnz67E_8babushka5point5testss_21test_point_in_polygon
FN:233,_RNvNtNtCsidEspsnz67E_8babushka5point5testss_15test_normalized
FN:358,_RNvNtNtCsidEspsnz67E_8babushka5point5testss_30test_point_distance_to_segment
FN:218,_RNvNtNtCsidEspsnz67E_8babushka5point5testss_20test_within_distance
FN:255,_RNvNtNtCsidEspsnz67E_8babushka5point5testss_15test_on_segment
FNDA:1,_RNCNvNtNtCsidEspsnz67E_8babushka5point5tests20test_within_distance0B7_
FNDA:1,_RNCNvNtNtCsidEspsnz67E_8babushka5point5tests15test_normalized0B7_
FNDA:1,_RNCNvNtNtCsidEspsnz67E_8babushka5point5tests15test_on_segment0B7_
FNDA:1,_RNCNvNtNtCsidEspsnz67E_8babushka5point5tests30test_point_distance_to_segment0B7_
FNDA:1,_RNCNvNtNtCsidEspsnz67E_8babushka5point5tests21test_point_in_polygon0B7_
FNDA:14,_RINvYNtNtNtCsidEspsnz67E_8babushka9kernelf647point2d7Point2DNtNtB9_5point7Point2D10in_polygonNtNtB7_7polygon7PolygonEB9_
FNDA:388,_RINvYNtNtNtCsidEspsnz67E_8babushka9kernelf647point2d7Point2DNtNtB9_5point7Point2D19distance_to_segmentNtNtB7_7segment7SegmentEB9_
FNDA:83,_RNvYNtNtNtCsidEspsnz67E_8babushka9kernelf647point2d7Point2DNtNtB8_5point7Point2D7epsilonB8_
FNDA:9287,_RNvYNtNtNtCsidEspsnz67E_8babushka9kernelf647point2d7Point2DNtNtB8_5point7Point2D3dotB8_
FNDA:4,_RNvYNtNtNtCsidEspsnz67E_8babushka9kernelf647point2d7Point2DNtNtB8_5point7Point2D15within_distanceB8_
FNDA:739,_RINvYNtNtNtCsidEspsnz67E_8babushka9kernelf647point2d7Point2DNtNtB9_5point7Point2D10on_segmentNtNtB7_7segment7SegmentEB9_
FNDA:1348,_RNvYNtNtNtCsidEspsnz67E_8babushka9kernelf647point2d7Point2DNtNtB8_5point7Point2D10normalizedB8_
FNDA:1,_RNvNtNtCsidEspsnz67E_8babushka5point5testss_21test_point_in_polygon
FNDA:1,_RNvNtNtCsidEspsnz67E_8babushka5point5testss_15test_normalized
FNDA:1,_RNvNtNtCsidEspsnz67E_8babushka5point5testss_30test_point_distance_to_segment
FNDA:1,_RNvNtNtCsidEspsnz67E_8babushka5point5testss_20test_within_distance
FNDA:1,_RNvNtNtCsidEspsnz67E_8babushka5point5testss_15test_on_segment
FNF:17
FNH:17
DA:28,83
DA:29,83
DA:30,83
DA:32,9287
DA:33,9287
DA:34,9287
DA:37,4
DA:38,4
DA:39,4
DA:40,4
DA:41,4
DA:44,1348
DA:45,1348
DA:46,1348
DA:47,1348
DA:48,1348
DA:49,1348
DA:50,1348
DA:51,1348
DA:52,1245
DA:53,103
DA:54,103
DA:55,103
DA:56,1
DA:57,102
DA:58,102
DA:59,102
DA:60,102
DA:61,102
DA:62,102
DA:63,1348
DA:67,739
DA:68,739
DA:69,739
DA:70,739
DA:71,739
DA:72,20
DA:73,13
DA:74,13
DA:75,9
DA:77,4
DA:79,16
DA:81,719
DA:82,719
DA:83,719
DA:84,719
DA:85,20
DA:86,16
DA:87,16
DA:88,14
DA:90,5
DA:92,15
DA:94,699
DA:95,699
DA:96,699
DA:97,699
DA:98,410
DA:99,128
DA:100,95
DA:102,662
DA:103,37
DA:104,37
DA:105,37
DA:106,37
DA:107,36
DA:109,10
DA:110,27
DA:111,27
DA:112,27
DA:113,27
DA:114,27
DA:115,21
DA:116,6
DA:117,6
DA:118,6
DA:119,6
DA:120,6
DA:121,0
DA:122,6
DA:123,6
DA:124,6
DA:125,6
DA:126,6
DA:127,0
DA:128,6
DA:129,6
DA:130,6
DA:131,739
DA:134,14
DA:135,14
DA:136,1
DA:137,13
DA:138,13
DA:139,13
DA:140,43
DA:141,43
DA:142,43
DA:143,43
DA:144,43
DA:145,43
DA:146,43
DA:147,43
DA:148,2
DA:149,41
DA:150,41
DA:151,41
DA:152,4
DA:153,37
DA:154,37
DA:155,37
DA:156,0
DA:157,37
DA:159,37
DA:160,14
DA:161,37
DA:162,7
DA:163,30
DA:166,7
DA:167,14
DA:173,388
DA:174,388
DA:175,388
DA:176,388
DA:177,388
DA:178,388
DA:179,388
DA:180,388
DA:181,388
DA:182,388
DA:183,388
DA:184,388
DA:185,388
DA:186,388
DA:187,388
DA:188,388
DA:189,388
DA:190,388
DA:191,388
DA:192,364
DA:193,164
DA:194,354
DA:195,202
DA:197,27
DA:198,337
DA:199,337
DA:200,0
DA:202,0
DA:203,337
DA:204,337
DA:205,0
DA:207,0
DA:208,337
DA:209,24
DA:211,361
DA:212,388
DA:217,1
DA:218,1
DA:219,1
DA:220,1
DA:221,1
DA:222,1
DA:223,1
DA:224,1
DA:225,1
DA:227,1
DA:228,1
DA:229,1
DA:230,1
DA:232,1
DA:233,1
DA:234,1
DA:235,1
DA:236,1
DA:237,1
DA:238,1
DA:239,1
DA:240,1
DA:241,1
DA:243,1
DA:244,1
DA:245,1
DA:246,1
DA:247,1
DA:249,1
DA:250,1
DA:251,1
DA:252,1
DA:254,1
DA:255,1
DA:256,1
DA:257,1
DA:258,1
DA:259,1
DA:260,1
DA:261,1
DA:262,1
DA:263,1
DA:264,1
DA:265,1
DA:268,1
DA:269,1
DA:272,1
DA:273,1
DA:276,1
DA:277,1
DA:278,1
DA:279,1
DA:280,1
DA:283,1
DA:284,1
DA:285,1
DA:286,1
DA:287,1
DA:290,1
DA:291,1
DA:292,1
DA:294,1
DA:295,1
DA:296,1
DA:297,1
DA:298,1
DA:299,1
DA:300,1
DA:301,1
DA:302,1
DA:303,1
DA:304,1
DA:305,1
DA:306,1
DA:307,1
DA:308,1
DA:309,1
DA:310,1
DA:311,1
DA:312,1
DA:315,1
DA:316,1
DA:319,1
DA:320,1
DA:323,1
DA:324,1
DA:327,1
DA:328,1
DA:329,1
DA:330,1
DA:331,1
DA:332,1
DA:333,1
DA:334,1
DA:335,1
DA:336,1
DA:337,1
DA:338,1
DA:341,1
DA:342,1
DA:345,1
DA:346,1
DA:349,1
DA:350,1
DA:351,1
DA:352,1
DA:353,1
DA:354,1
DA:355,1
DA:357,1
DA:358,1
DA:359,1
DA:360,1
DA:361,1
DA:362,1
DA:363,1
DA:364,1
DA:365,1
DA:366,1
DA:367,1
DA:368,1
DA:369,1
DA:370,1
DA:371,1
DA:372,1
DA:373,1
DA:374,1
DA:377,1
DA:378,1
DA:379,1
DA:382,1
DA:383,1
DA:384,1
DA:385,1
DA:386,0
DA:387,0
DA:388,0
DA:392,1
DA:393,1
DA:394,1
DA:395,1
DA:396,1
DA:397,1
DA:398,1
DA:399,1
DA:402,1
DA:403,1
DA:404,1
DA:407,1
DA:408,1
DA:409,1
DA:412,1
DA:413,1
DA:414,1
DA:415,1
DA:416,1
DA:417,1
DA:418,1
DA:419,1
DA:420,1
DA:421,1
DA:422,1
DA:423,0
DA:424,0
DA:425,0
DA:429,1
DA:430,1
DA:431,1
DA:432,1
DA:433,1
DA:434,1
DA:435,1
DA:436,1
DA:437,1
DA:438,1
DA:439,1
BRF:0
BRH:0
LF:331
LH:318
end_of_record
SF:/Users/davefol/src/babushka/src/polygon.rs
FN:182,_RNvYNtNtNtCsidEspsnz67E_8babushka9kernelf647polygon7PolygonNtNtB8_7polygon7Polygon25slide_distance_on_polygonB8_
FN:216,_RNvYNtNtNtCsidEspsnz67E_8babushka9kernelf647polygon7PolygonNtNtB8_7polygon7Polygon27project_distance_on_polygonB8_
FN:43,_RNvYNtNtNtCsidEspsnz67E_8babushka9kernelf647polygon7PolygonNtNtB8_7polygon7Polygon20iter_poly_segments_3B8_
FN:117,_RNvYNtNtNtCsidEspsnz67E_8babushka9kernelf647polygon7PolygonNtNtB8_7polygon7Polygon18intersects_polygonB8_
FN:55,_RNvYNtNtNtCsidEspsnz67E_8babushka9kernelf647polygon7PolygonNtNtB8_7polygon7Polygon18bounding_box_localB8_
FN:76,_RNvYNtNtNtCsidEspsnz67E_8babushka9kernelf647polygon7PolygonNtNtB8_7polygon7Polygon12bounding_boxB8_
FN:38,_RNvYNtNtNtCsidEspsnz67E_8babushka9kernelf647polygon7PolygonNtNtB8_7polygon7Polygon13iter_segmentsB8_
FN:91,_RNvYNtNtNtCsidEspsnz67E_8babushka9kernelf647polygon7PolygonNtNtB8_7polygon7Polygon9translateB8_
FN:104,_RNvYNtNtNtCsidEspsnz67E_8babushka9kernelf647polygon7PolygonNtNtB8_7polygon7Polygon4areaB8_
FN:31,_RNvYNtNtNtCsidEspsnz67E_8babushka9kernelf647polygon7PolygonNtNtB8_7polygon7Polygon13iter_verticesB8_
FN:252,_RNCNvNtNtCsidEspsnz67E_8babushka7polygon5tests17test_bounding_box0B7_
FN:288,_RNCNvNtNtCsidEspsnz67E_8babushka7polygon5tests9test_area0B7_
FN:444,_RNCNvNtNtCsidEspsnz67E_8babushka7polygon5tests38test_polygon_slide_distance_on_polygon0B7_
FN:487,_RNCNvNtNtCsidEspsnz67E_8babushka7polygon5tests40test_polygon_project_distance_on_polygon0B7_
FN:388,_RNCNvNtNtCsidEspsnz67E_8babushka7polygon5tests31test_polygon_intersects_polygon0B7_
FN:335,_RNCNvNtNtCsidEspsnz67E_8babushka7polygon5tests25test_iter_poly_segments_30B7_
FN:336,_RNvNtNtCsidEspsnz67E_8babushka7polygon5testss_25test_iter_poly_segments_3
FN:253,_RNvNtNtCsidEspsnz67E_8babushka7polygon5testss_17test_bounding_box
FN:445,_RNvNtNtCsidEspsnz67E_8babushka7polygon5testss_38test_polygon_slide_distance_on_polygon
FN:289,_RNvNtNtCsidEspsnz67E_8babushka7polygon5testss_9test_area
FN:488,_RNvNtNtCsidEspsnz67E_8babushka7polygon5testss_40test_polygon_project_distance_on_polygon
FN:389,_RNvNtNtCsidEspsnz67E_8babushka7polygon5testss_31test_polygon_intersects_polygon
FN:108,_RNCNvYNtNtNtCsidEspsnz67E_8babushka9kernelf647polygon7PolygonNtNtBa_7polygon7Polygon4area0Ba_
FN:51,_RNCNvYNtNtNtCsidEspsnz67E_8babushka9kernelf647polygon7PolygonNtNtBa_7polygon7Polygon20iter_poly_segments_30Ba_
FN:33,_RNCNvYNtNtNtCsidEspsnz67E_8babushka9kernelf647polygon7PolygonNtNtBa_7polygon7Polygon13iter_vertices0Ba_
FN:40,_RNCNvYNtNtNtCsidEspsnz67E_8babushka9kernelf647polygon7PolygonNtNtBa_7polygon7Polygon13iter_segments0Ba_
FNDA:48,_RNvYNtNtNtCsidEspsnz67E_8babushka9kernelf647polygon7PolygonNtNtB8_7polygon7Polygon25slide_distance_on_polygonB8_
FNDA:6,_RNvYNtNtNtCsidEspsnz67E_8babushka9kernelf647polygon7PolygonNtNtB8_7polygon7Polygon27project_distance_on_polygonB8_
FNDA:13,_RNvYNtNtNtCsidEspsnz67E_8babushka9kernelf647polygon7PolygonNtNtB8_7polygon7Polygon20iter_poly_segments_3B8_
FNDA:6,_RNvYNtNtNtCsidEspsnz67E_8babushka9kernelf647polygon7PolygonNtNtB8_7polygon7Polygon18intersects_polygonB8_
FNDA:2,_RNvYNtNtNtCsidEspsnz67E_8babushka9kernelf647polygon7PolygonNtNtB8_7polygon7Polygon18bounding_box_localB8_
FNDA:2,_RNvYNtNtNtCsidEspsnz67E_8babushka9kernelf647polygon7PolygonNtNtB8_7polygon7Polygon12bounding_boxB8_
FNDA:198,_RNvYNtNtNtCsidEspsnz67E_8babushka9kernelf647polygon7PolygonNtNtB8_7polygon7Polygon13iter_segmentsB8_
FNDA:6,_RNvYNtNtNtCsidEspsnz67E_8babushka9kernelf647polygon7PolygonNtNtB8_7polygon7Polygon9translateB8_
FNDA:3,_RNvYNtNtNtCsidEspsnz67E_8babushka9kernelf647polygon7PolygonNtNtB8_7polygon7Polygon4areaB8_
FNDA:9,_RNvYNtNtNtCsidEspsnz67E_8babushka9kernelf647polygon7PolygonNtNtB8_7polygon7Polygon13iter_verticesB8_
FNDA:1,_RNCNvNtNtCsidEspsnz67E_8babushka7polygon5tests17test_bounding_box0B7_
FNDA:1,_RNCNvNtNtCsidEspsnz67E_8babushka7polygon5tests9test_area0B7_
FNDA:1,_RNCNvNtNtCsidEspsnz67E_8babushka7polygon5tests38test_polygon_slide_distance_on_polygon0B7_
FNDA:1,_RNCNvNtNtCsidEspsnz67E_8babushka7polygon5tests40test_polygon_project_distance_on_polygon0B7_
FNDA:1,_RNCNvNtNtCsidEspsnz67E_8babushka7polygon5tests31test_polygon_intersects_polygon0B7_
FNDA:1,_RNCNvNtNtCsidEspsnz67E_8babushka7polygon5tests25test_iter_poly_segments_30B7_
FNDA:1,_RNvNtNtCsidEspsnz67E_8babushka7polygon5testss_25test_iter_poly_segments_3
FNDA:1,_RNvNtNtCsidEspsnz67E_8babushka7polygon5testss_17test_bounding_box
FNDA:1,_RNvNtNtCsidEspsnz67E_8babushka7polygon5testss_38test_polygon_slide_distance_on_polygon
FNDA:1,_RNvNtNtCsidEspsnz67E_8babushka7polygon5testss_9test_area
FNDA:1,_RNvNtNtCsidEspsnz67E_8babushka7polygon5testss_40test_polygon_project_distance_on_polygon
FNDA:1,_RNvNtNtCsidEspsnz67E_8babushka7polygon5testss_31test_polygon_intersects_polygon
FNDA:11,_RNCNvYNtNtNtCsidEspsnz67E_8babushka9kernelf647polygon7PolygonNtNtBa_7polygon7Polygon4area0Ba_
FNDA:100,_RNCNvYNtNtNtCsidEspsnz67E_8babushka9kernelf647polygon7PolygonNtNtBa_7polygon7Polygon20iter_poly_segments_30Ba_
FNDA:39,_RNCNvYNtNtNtCsidEspsnz67E_8babushka9kernelf647polygon7PolygonNtNtBa_7polygon7Polygon13iter_vertices0Ba_
FNDA:2017,_RNCNvYNtNtNtCsidEspsnz67E_8babushka9kernelf647polygon7PolygonNtNtBa_7polygon7Polygon13iter_segments0Ba_
FNF:26
FNH:26
DA:31,9
DA:32,9
DA:33,39
DA:34,9
DA:38,198
DA:39,198
DA:40,2017
DA:41,198
DA:43,13
DA:44,13
DA:45,13
DA:46,13
DA:47,13
DA:48,13
DA:49,13
DA:50,13
DA:51,100
DA:52,13
DA:55,2
DA:56,2
DA:57,2
DA:58,2
DA:59,2
DA:60,5
DA:61,5
DA:62,5
DA:63,5
DA:64,5
DA:65,5
DA:66,2
DA:67,2
DA:68,2
DA:69,2
DA:70,2
DA:71,2
DA:72,2
DA:76,2
DA:77,2
DA:78,2
DA:79,2
DA:80,2
DA:81,2
DA:82,2
DA:83,2
DA:84,2
DA:85,2
DA:86,2
DA:87,2
DA:88,2
DA:91,6
DA:92,6
DA:93,6
DA:94,6
DA:95,6
DA:96,6
DA:97,6
DA:98,6
DA:99,6
DA:100,6
DA:104,3
DA:105,3
DA:106,3
DA:107,3
DA:108,11
DA:109,11
DA:110,11
DA:111,11
DA:112,11
DA:113,3
DA:114,3
DA:115,3
DA:117,6
DA:118,6
DA:119,6
DA:120,6
DA:121,72
DA:122,6
DA:123,6
DA:125,72
DA:126,72
DA:127,72
DA:128,72
DA:129,72
DA:130,72
DA:131,72
DA:132,72
DA:133,72
DA:134,72
DA:135,72
DA:136,0
DA:137,0
DA:138,0
DA:139,0
DA:141,0
DA:143,72
DA:144,72
DA:145,72
DA:146,1
DA:147,1
DA:148,1
DA:149,1
DA:151,0
DA:153,71
DA:154,71
DA:155,71
DA:156,0
DA:157,0
DA:158,0
DA:159,0
DA:161,0
DA:163,71
DA:164,71
DA:165,71
DA:166,0
DA:167,0
DA:168,0
DA:169,0
DA:171,0
DA:173,71
DA:174,71
DA:175,71
DA:176,3
DA:177,68
DA:179,2
DA:180,6
DA:182,48
DA:183,48
DA:184,48
DA:185,48
DA:186,48
DA:187,48
DA:188,48
DA:189,0
DA:191,48
DA:192,854
DA:193,48
DA:194,48
DA:197,854
DA:198,0
DA:199,854
DA:200,854
DA:201,854
DA:203,854
DA:205,248
DA:206,138
DA:207,65
DA:208,73
DA:209,110
DA:210,606
DA:212,48
DA:213,48
DA:216,6
DA:217,6
DA:218,6
DA:219,6
DA:220,6
DA:221,6
DA:222,25
DA:223,25
DA:224,100
DA:225,100
DA:226,100
DA:227,100
DA:229,69
DA:230,31
DA:231,31
DA:232,31
DA:233,31
DA:234,31
DA:235,31
DA:236,7
DA:237,7
DA:238,24
DA:240,25
DA:241,7
DA:243,6
DA:244,19
DA:247,6
DA:248,6
DA:252,1
DA:253,1
DA:254,1
DA:255,1
DA:256,1
DA:257,1
DA:258,1
DA:259,1
DA:260,1
DA:261,1
DA:262,1
DA:263,1
DA:264,1
DA:265,1
DA:266,1
DA:267,1
DA:268,1
DA:269,1
DA:270,1
DA:271,1
DA:273,1
DA:274,1
DA:275,1
DA:276,1
DA:277,1
DA:278,1
DA:279,1
DA:280,1
DA:281,1
DA:282,1
DA:283,1
DA:284,1
DA:285,1
DA:286,1
DA:287,1
DA:288,1
DA:289,1
DA:290,1
DA:291,1
DA:292,1
DA:293,1
DA:294,1
DA:295,1
DA:296,1
DA:297,1
DA:298,1
DA:299,1
DA:300,1
DA:301,1
DA:302,1
DA:303,1
DA:304,1
DA:305,1
DA:308,1
DA:309,1
DA:310,1
DA:311,1
DA:312,1
DA:313,1
DA:314,1
DA:315,1
DA:316,1
DA:317,1
DA:318,1
DA:321,1
DA:322,1
DA:323,1
DA:324,1
DA:325,1
DA:326,1
DA:327,1
DA:328,1
DA:329,1
DA:330,1
DA:331,1
DA:332,1
DA:333,1
DA:335,1
DA:336,1
DA:337,1
DA:338,1
DA:339,1
DA:340,1
DA:341,1
DA:342,1
DA:343,1
DA:344,1
DA:345,1
DA:346,1
DA:347,1
DA:348,1
DA:349,1
DA:350,1
DA:351,1
DA:352,1
DA:353,1
DA:356,1
DA:357,1
DA:358,1
DA:359,1
DA:360,1
DA:361,1
DA:364,1
DA:365,1
DA:366,1
DA:367,1
DA:368,1
DA:369,1
DA:372,1
DA:373,1
DA:374,1
DA:375,1
DA:376,1
DA:377,1
DA:380,1
DA:381,1
DA:382,1
DA:383,1
DA:384,1
DA:385,1
DA:386,1
DA:388,1
DA:389,1
DA:390,1
DA:391,1
DA:392,1
DA:393,1
DA:394,1
DA:395,1
DA:396,1
DA:397,1
DA:398,1
DA:399,1
DA:400,1
DA:401,1
DA:402,1
DA:403,1
DA:404,1
DA:405,1
DA:406,1
DA:407,1
DA:408,1
DA:409,1
DA:410,1
DA:411,1
DA:412,1
DA:413,1
DA:414,1
DA:415,1
DA:416,1
DA:419,1
DA:420,1
DA:421,1
DA:422,1
DA:423,1
DA:424,1
DA:425,1
DA:426,1
DA:427,1
DA:428,1
DA:429,1
DA:430,1
DA:431,1
DA:432,1
DA:433,1
DA:434,1
DA:435,1
DA:436,1
DA:437,1
DA:438,1
DA:439,1
DA:440,1
DA:441,1
DA:442,1
DA:444,1
DA:445,1
DA:446,1
DA:447,1
DA:448,1
DA:449,1
DA:450,1
DA:451,1
DA:452,1
DA:453,1
DA:454,1
DA:455,1
DA:456,1
DA:457,1
DA:458,1
DA:459,1
DA:460,1
DA:461,1
DA:462,1
DA:463,1
DA:464,1
DA:465,1
DA:466,1
DA:468,1
DA:469,1
DA:470,1
DA:471,1
DA:473,1
DA:474,1
DA:475,1
DA:477,1
DA:478,1
DA:479,1
DA:481,1
DA:482,1
DA:483,1
DA:484,1
DA:485,1
DA:487,1
DA:488,1
DA:489,1
DA:490,1
DA:491,1
DA:492,1
DA:493,1
DA:494,1
DA:495,1
DA:496,1
DA:497,1
DA:498,1
DA:499,1
DA:500,1
DA:501,1
DA:502,1
DA:503,1
DA:504,1
DA:505,1
DA:506,1
DA:507,1
DA:508,1
DA:510,1
DA:511,1
DA:512,1
DA:514,1
DA:515,1
DA:516,1
DA:518,1
DA:519,1
DA:520,1
DA:521,1
BRF:0
BRH:0
LF:428
LH:410
end_of_record
SF:/Users/davefol/src/babushka/src/segment.rs
FN:263,_RNvNtNtCsidEspsnz67E_8babushka7segment5testss_31test_segment_intersects_segment
FN:314,_RNvNtNtCsidEspsnz67E_8babushka7segment5testss_43test_segment_distance_to_coincident_segment
FN:257,_RNCNvYNtNtNtCsidEspsnz67E_8babushka9kernelf647segment7SegmentNtNtBa_7segment7Segment35distance_to_segment_along_direction0Ba_
FN:12,_RNvYNtNtNtCsidEspsnz67E_8babushka9kernelf647segment7SegmentNtNtB8_7segment7Segment18intersects_segmentB8_
FN:84,_RNvYNtNtNtCsidEspsnz67E_8babushka9kernelf647segment7SegmentNtNtB8_7segment7Segment35distance_to_segment_along_directionB8_
FN:262,_RNCNvNtNtCsidEspsnz67E_8babushka7segment5tests31test_segment_intersects_segment0B7_
FN:313,_RNCNvNtNtCsidEspsnz67E_8babushka7segment5tests43test_segment_distance_to_coincident_segment0B7_
FNDA:1,_RNvNtNtCsidEspsnz67E_8babushka7segment5testss_31test_segment_intersects_segment
FNDA:1,_RNvNtNtCsidEspsnz67E_8babushka7segment5testss_43test_segment_distance_to_coincident_segment
FNDA:239,_RNCNvYNtNtNtCsidEspsnz67E_8babushka9kernelf647segment7SegmentNtNtBa_7segment7Segment35distance_to_segment_along_direction0Ba_
FNDA:75,_RNvYNtNtNtCsidEspsnz67E_8babushka9kernelf647segment7SegmentNtNtB8_7segment7Segment18intersects_segmentB8_
FNDA:857,_RNvYNtNtNtCsidEspsnz67E_8babushka9kernelf647segment7SegmentNtNtB8_7segment7Segment35distance_to_segment_along_directionB8_
FNDA:1,_RNCNvNtNtCsidEspsnz67E_8babushka7segment5tests31test_segment_intersects_segment0B7_
FNDA:1,_RNCNvNtNtCsidEspsnz67E_8babushka7segment5tests43test_segment_distance_to_coincident_segment0B7_
FNF:7
FNH:7
DA:12,75
DA:13,75
DA:14,75
DA:15,75
DA:16,75
DA:17,75
DA:18,75
DA:19,75
DA:20,75
DA:21,75
DA:22,75
DA:23,75
DA:24,75
DA:25,75
DA:26,75
DA:27,75
DA:28,75
DA:29,75
DA:30,75
DA:31,29
DA:32,46
DA:33,46
DA:34,46
DA:35,45
DA:36,24
DA:37,17
DA:39,7
DA:42,20
DA:43,25
DA:44,25
DA:45,25
DA:46,23
DA:47,9
DA:49,14
DA:52,17
DA:53,8
DA:54,8
DA:55,8
DA:56,6
DA:57,4
DA:59,2
DA:62,3
DA:63,5
DA:64,5
DA:65,5
DA:66,3
DA:67,1
DA:69,2
DA:72,1
DA:73,4
DA:74,1
DA:76,5
DA:77,5
DA:78,5
DA:79,5
DA:80,75
DA:84,857
DA:85,857
DA:86,857
DA:87,857
DA:88,857
DA:89,857
DA:90,0
DA:93,857
DA:94,857
DA:95,857
DA:96,857
DA:97,857
DA:98,857
DA:99,857
DA:100,857
DA:101,857
DA:102,857
DA:103,857
DA:104,857
DA:105,857
DA:106,857
DA:107,857
DA:108,857
DA:109,857
DA:110,857
DA:111,857
DA:112,857
DA:113,857
DA:114,857
DA:115,857
DA:116,857
DA:117,857
DA:118,285
DA:119,572
DA:120,572
DA:121,572
DA:122,572
DA:123,322
DA:124,250
DA:126,250
DA:127,250
DA:128,65
DA:130,185
DA:131,185
DA:132,185
DA:133,185
DA:134,185
DA:135,185
DA:138,250
DA:139,250
DA:140,250
DA:141,250
DA:142,250
DA:143,1
DA:144,1
DA:145,1
DA:146,1
DA:148,1
DA:149,0
DA:152,1
DA:153,0
DA:157,1
DA:158,1
DA:161,0
DA:162,0
DA:163,0
DA:164,0
DA:165,0
DA:166,0
DA:167,0
DA:168,1
DA:169,1
DA:170,249
DA:171,249
DA:172,249
DA:173,249
DA:174,249
DA:175,249
DA:176,39
DA:177,210
DA:178,45
DA:179,165
DA:180,50
DA:181,50
DA:182,50
DA:183,0
DA:184,0
DA:185,0
DA:186,0
DA:187,0
DA:188,0
DA:189,50
DA:190,0
DA:191,50
DA:192,50
DA:193,50
DA:194,115
DA:196,249
DA:197,49
DA:198,200
DA:199,39
DA:200,161
DA:201,50
DA:202,50
DA:203,50
DA:204,0
DA:205,0
DA:206,0
DA:207,0
DA:208,0
DA:209,0
DA:210,50
DA:211,0
DA:212,50
DA:213,50
DA:214,50
DA:215,111
DA:217,249
DA:218,113
DA:219,113
DA:220,113
DA:221,11
DA:222,11
DA:223,11
DA:224,5
DA:225,6
DA:226,0
DA:227,102
DA:228,0
DA:229,113
DA:230,108
DA:231,108
DA:232,136
DA:234,249
DA:235,113
DA:236,113
DA:237,113
DA:238,12
DA:239,12
DA:240,12
DA:241,5
DA:242,7
DA:243,0
DA:244,101
DA:245,0
DA:246,113
DA:247,108
DA:248,108
DA:249,136
DA:251,249
DA:252,0
DA:253,249
DA:254,249
DA:255,249
DA:256,249
DA:257,249
DA:258,857
DA:262,1
DA:263,1
DA:264,1
DA:265,1
DA:266,1
DA:267,1
DA:268,1
DA:269,1
DA:270,1
DA:271,1
DA:272,1
DA:273,1
DA:274,1
DA:275,1
DA:276,1
DA:277,1
DA:278,1
DA:279,1
DA:280,1
DA:281,1
DA:282,1
DA:283,1
DA:284,1
DA:285,1
DA:286,1
DA:287,1
DA:290,1
DA:291,1
DA:294,1
DA:295,1
DA:296,1
DA:297,1
DA:298,1
DA:299,1
DA:302,1
DA:303,1
DA:304,1
DA:305,1
DA:306,1
DA:307,1
DA:308,1
DA:309,1
DA:310,1
DA:311,1
DA:313,1
DA:314,1
DA:315,1
DA:316,1
DA:317,1
DA:318,1
DA:319,1
DA:320,1
DA:321,1
DA:322,1
DA:323,1
DA:324,1
DA:325,1
DA:326,1
DA:327,1
DA:328,1
DA:329,1
DA:330,1
DA:331,1
DA:332,1
DA:333,1
DA:334,1
DA:342,1
DA:343,1
DA:344,1
DA:345,1
DA:346,1
DA:347,1
DA:348,1
DA:349,1
DA:350,1
DA:351,1
DA:358,1
DA:359,1
DA:360,1
DA:361,1
DA:362,1
DA:363,1
DA:364,1
DA:365,1
DA:366,1
DA:367,1
DA:368,1
BRF:0
BRH:0
LF:301
LH:272
end_of_record